<?xml version="1.0" encoding="UTF-8"?>
<!-- Generated by org.testng.reporters.JUnitReportReporter -->
<testsuite hostname="DESKTOP-3A34IAC" name="com.training.sanity.tests.LoginTests" tests="1" failures="0" timestamp="5 Apr 2020 16:50:23 GMT" time="0.002" errors="1">
  <testcase name="validLoginTest" time="0.002" classname="com.training.sanity.tests.LoginTests">
    <error type="org.openqa.selenium.SessionNotCreatedException" message="session not created
from chrome not reachable
  (Session info: chrome=80.0.3987.149)
Build info: version: &#039;3.6.0&#039;, revision: &#039;6fbf3ec767&#039;, time: &#039;2017-09-27T15:28:36.4Z&#039;
System info: host: &#039;DESKTOP-3A34IAC&#039;, ip: &#039;10.27.28.144&#039;, os.name: &#039;Windows 10&#039;, os.arch: &#039;amd64&#039;, os.version: &#039;10.0&#039;, java.version: &#039;1.8.0_241&#039;
Driver info: driver.version: ChromeDriver
remote stacktrace: Backtrace:
	Ordinal0 [0x00DCA113+1548563]
	Ordinal0 [0x00D4DDA1+1039777]
	Ordinal0 [0x00CCE32E+516910]
	Ordinal0 [0x00CC8012+491538]
	Ordinal0 [0x00CC86EB+493291]
	Ordinal0 [0x00CC9855+497749]
	Ordinal0 [0x00CC5885+481413]
	Ordinal0 [0x00CCF0D0+520400]
	Ordinal0 [0x00C7C030+180272]
	Ordinal0 [0x00C7B59D+177565]
	Ordinal0 [0x00C795FB+169467]
	Ordinal0 [0x00C6160A+71178]
	Ordinal0 [0x00C62690+75408]
	Ordinal0 [0x00C62629+75305]
	Ordinal0 [0x00D671B7+1143223]
	GetHandleVerifier [0x00E62B46+507814]
	GetHandleVerifier [0x00E62864+507076]
	GetHandleVerifier [0x00E69F47+537511]
	GetHandleVerifier [0x00E63402+510050]
	Ordinal0 [0x00D5F29C+1110684]
	Ordinal0 [0x00D6938B+1151883]
	Ordinal0 [0x00D694F3+1152243]
	Ordinal0 [0x00D683F5+1147893]
	BaseThreadInitThunk [0x775D6359+25]
	RtlGetAppContainerNamedObjectPath [0x777C7B74+228]
	RtlGetAppContainerNamedObjectPath [0x777C7B44+180]
">
      <![CDATA[org.openqa.selenium.SessionNotCreatedException: session not created
from chrome not reachable
  (Session info: chrome=80.0.3987.149)
Build info: version: '3.6.0', revision: '6fbf3ec767', time: '2017-09-27T15:28:36.4Z'
System info: host: 'DESKTOP-3A34IAC', ip: '10.27.28.144', os.name: 'Windows 10', os.arch: 'amd64', os.version: '10.0', java.version: '1.8.0_241'
Driver info: driver.version: ChromeDriver
remote stacktrace: Backtrace:
	Ordinal0 [0x00DCA113+1548563]
	Ordinal0 [0x00D4DDA1+1039777]
	Ordinal0 [0x00CCE32E+516910]
	Ordinal0 [0x00CC8012+491538]
	Ordinal0 [0x00CC86EB+493291]
	Ordinal0 [0x00CC9855+497749]
	Ordinal0 [0x00CC5885+481413]
	Ordinal0 [0x00CCF0D0+520400]
	Ordinal0 [0x00C7C030+180272]
	Ordinal0 [0x00C7B59D+177565]
	Ordinal0 [0x00C795FB+169467]
	Ordinal0 [0x00C6160A+71178]
	Ordinal0 [0x00C62690+75408]
	Ordinal0 [0x00C62629+75305]
	Ordinal0 [0x00D671B7+1143223]
	GetHandleVerifier [0x00E62B46+507814]
	GetHandleVerifier [0x00E62864+507076]
	GetHandleVerifier [0x00E69F47+537511]
	GetHandleVerifier [0x00E63402+510050]
	Ordinal0 [0x00D5F29C+1110684]
	Ordinal0 [0x00D6938B+1151883]
	Ordinal0 [0x00D694F3+1152243]
	Ordinal0 [0x00D683F5+1147893]
	BaseThreadInitThunk [0x775D6359+25]
	RtlGetAppContainerNamedObjectPath [0x777C7B74+228]
	RtlGetAppContainerNamedObjectPath [0x777C7B44+180]

	at sun.reflect.NativeConstructorAccessorImpl.newInstance0(Native Method)
	at sun.reflect.NativeConstructorAccessorImpl.newInstance(Unknown Source)
	at sun.reflect.DelegatingConstructorAccessorImpl.newInstance(Unknown Source)
	at java.lang.reflect.Constructor.newInstance(Unknown Source)
	at org.openqa.selenium.remote.W3CHandshakeResponse.lambda$new$0(W3CHandshakeResponse.java:57)
	at org.openqa.selenium.remote.W3CHandshakeResponse.lambda$getResponseFunction$2(W3CHandshakeResponse.java:104)
	at org.openqa.selenium.remote.ProtocolHandshake.lambda$createSession$24(ProtocolHandshake.java:359)
	at java.util.stream.ReferencePipeline$3$1.accept(Unknown Source)
	at java.util.Spliterators$ArraySpliterator.tryAdvance(Unknown Source)
	at java.util.stream.ReferencePipeline.forEachWithCancel(Unknown Source)
	at java.util.stream.AbstractPipeline.copyIntoWithCancel(Unknown Source)
	at java.util.stream.AbstractPipeline.copyInto(Unknown Source)
	at java.util.stream.AbstractPipeline.wrapAndCopyInto(Unknown Source)
	at java.util.stream.FindOps$FindOp.evaluateSequential(Unknown Source)
	at java.util.stream.AbstractPipeline.evaluate(Unknown Source)
	at java.util.stream.ReferencePipeline.findFirst(Unknown Source)
	at org.openqa.selenium.remote.ProtocolHandshake.createSession(ProtocolHandshake.java:362)
	at org.openqa.selenium.remote.ProtocolHandshake.createSession(ProtocolHandshake.java:136)
	at org.openqa.selenium.remote.HttpCommandExecutor.execute(HttpCommandExecutor.java:142)
	at org.openqa.selenium.remote.service.DriverCommandExecutor.execute(DriverCommandExecutor.java:83)
	at org.openqa.selenium.remote.RemoteWebDriver.execute(RemoteWebDriver.java:586)
	at org.openqa.selenium.remote.RemoteWebDriver.startSession(RemoteWebDriver.java:217)
	at org.openqa.selenium.remote.RemoteWebDriver.<init>(RemoteWebDriver.java:140)
	at org.openqa.selenium.chrome.ChromeDriver.<init>(ChromeDriver.java:181)
	at org.openqa.selenium.chrome.ChromeDriver.<init>(ChromeDriver.java:168)
	at org.openqa.selenium.chrome.ChromeDriver.<init>(ChromeDriver.java:123)
	at com.training.utility.DriverFactory.getDriver(DriverFactory.java:24)
	at com.training.sanity.tests.LoginTests.setUp(LoginTests.java:35)
	at sun.reflect.NativeMethodAccessorImpl.invoke0(Native Method)
	at sun.reflect.NativeMethodAccessorImpl.invoke(Unknown Source)
	at sun.reflect.DelegatingMethodAccessorImpl.invoke(Unknown Source)
	at java.lang.reflect.Method.invoke(Unknown Source)
	at org.testng.internal.MethodInvocationHelper.invokeMethod(MethodInvocationHelper.java:86)
	at org.testng.internal.Invoker.invokeConfigurationMethod(Invoker.java:514)
	at org.testng.internal.Invoker.invokeConfigurations(Invoker.java:215)
	at org.testng.internal.Invoker.invokeMethod(Invoker.java:589)
	at org.testng.internal.Invoker.invokeTestMethod(Invoker.java:822)
	at org.testng.internal.Invoker.invokeTestMethods(Invoker.java:1130)
	at org.testng.internal.TestMethodWorker.invokeTestMethods(TestMethodWorker.java:129)
	at org.testng.internal.TestMethodWorker.run(TestMethodWorker.java:112)
	at org.testng.TestRunner.privateRun(TestRunner.java:782)
	at org.testng.TestRunner.run(TestRunner.java:632)
	at org.testng.SuiteRunner.runTest(SuiteRunner.java:366)
	at org.testng.SuiteRunner.runSequentially(SuiteRunner.java:361)
	at org.testng.SuiteRunner.privateRun(SuiteRunner.java:319)
	at org.testng.SuiteRunner.run(SuiteRunner.java:268)
	at org.testng.SuiteRunnerWorker.runSuite(SuiteRunnerWorker.java:52)
	at org.testng.SuiteRunnerWorker.run(SuiteRunnerWorker.java:86)
	at org.testng.TestNG.runSuitesSequentially(TestNG.java:1244)
	at org.testng.TestNG.runSuitesLocally(TestNG.java:1169)
	at org.testng.TestNG.run(TestNG.java:1064)
	at org.testng.remote.RemoteTestNG.run(RemoteTestNG.java:113)
	at org.testng.remote.RemoteTestNG.initAndRun(RemoteTestNG.java:206)
	at org.testng.remote.RemoteTestNG.main(RemoteTestNG.java:177)
]]>
    </error>
  </testcase> <!-- validLoginTest -->
</testsuite> <!-- com.training.sanity.tests.LoginTests -->
